[    0.000000] Initializing cgroup subsys cpuset
[    0.000000] Initializing cgroup subsys cpu
[    0.000000] Initializing cgroup subsys cpuacct
[    0.000000] Linux version 4.4.0-112-generic (buildd@lgw01-amd64-010) (gcc version 5.4.0 20160609 (Ubuntu 5.4.0-6ubuntu1~16.04.5) ) #135-Ubuntu SMP Fri Jan 19 11:48:36 UTC 2018 (Ubuntu 4.4.0-112.135-generic 4.4.98)
[    0.000000] Command line: BOOT_IMAGE=/boot/vmlinuz-4.4.0-112-generic root=LABEL=cloudimg-rootfs ro console=tty1 console=ttyS0
[    0.000000] KERNEL supported cpus:
[    0.000000]   Intel GenuineIntel
[    0.000000]   AMD AuthenticAMD
[    0.000000]   Centaur CentaurHauls
[    0.000000] x86/fpu: xstate_offset[2]:  576, xstate_sizes[2]:  256
[    0.000000] x86/fpu: Supporting XSAVE feature 0x01: 'x87 floating point registers'
[    0.000000] x86/fpu: Supporting XSAVE feature 0x02: 'SSE registers'
[    0.000000] x86/fpu: Supporting XSAVE feature 0x04: 'AVX registers'
[    0.000000] x86/fpu: Enabled xstate features 0x7, context size is 832 bytes, using 'standard' format.
[    0.000000] x86/fpu: Using 'lazy' FPU context switches.
[    0.000000] e820: BIOS-provided physical RAM map:
[    0.000000] BIOS-e820: [mem 0x0000000000000000-0x000000000009fbff] usable
[    0.000000] BIOS-e820: [mem 0x000000000009fc00-0x000000000009ffff] reserved
[    0.000000] BIOS-e820: [mem 0x00000000000f0000-0x00000000000fffff] reserved
[    0.000000] BIOS-e820: [mem 0x0000000000100000-0x000000003ffeffff] usable
[    0.000000] BIOS-e820: [mem 0x000000003fff0000-0x000000003fffffff] ACPI data
[    0.000000] BIOS-e820: [mem 0x00000000fec00000-0x00000000fec00fff] reserved
[    0.000000] BIOS-e820: [mem 0x00000000fee00000-0x00000000fee00fff] reserved
[    0.000000] BIOS-e820: [mem 0x00000000fffc0000-0x00000000ffffffff] reserved
[    0.000000] NX (Execute Disable) protection: active
[    0.000000] SMBIOS 2.5 present.
[    0.000000] Hypervisor detected: KVM
[    0.000000] e820: last_pfn = 0x3fff0 max_arch_pfn = 0x400000000
[    0.000000] MTRR: Disabled
[    0.000000] x86/PAT: MTRRs disabled, skipping PAT initialization too.
[    0.000000] CPU MTRRs all blank - virtualized system.
[    0.000000] x86/PAT: Configuration [0-7]: WB  WT  UC- UC  WB  WT  UC- UC  
[    0.000000] found SMP MP-table at [mem 0x0009fff0-0x0009ffff] mapped at [ffff88000009fff0]
[    0.000000] Scanning 1 areas for low memory corruption
[    0.000000] RAMDISK: [mem 0x36adc000-0x37565fff]
[    0.000000] ACPI: Early table checksum verification disabled
[    0.000000] ACPI: RSDP 0x00000000000E0000 000024 (v02 VBOX  )
[    0.000000] ACPI: XSDT 0x000000003FFF0030 00003C (v01 VBOX   VBOXXSDT 00000001 ASL  00000061)
[    0.000000] ACPI: FACP 0x000000003FFF00F0 0000F4 (v04 VBOX   VBOXFACP 00000001 ASL  00000061)
[    0.000000] ACPI: DSDT 0x000000003FFF0470 0021FF (v02 VBOX   VBOXBIOS 00000002 INTL 20100528)
[    0.000000] ACPI: FACS 0x000000003FFF0200 000040
[    0.000000] ACPI: FACS 0x000000003FFF0200 000040
[    0.000000] ACPI: APIC 0x000000003FFF0240 000054 (v02 VBOX   VBOXAPIC 00000001 ASL  00000061)
[    0.000000] ACPI: SSDT 0x000000003FFF02A0 0001CC (v01 VBOX   VBOXCPUT 00000002 INTL 20100528)
[    0.000000] No NUMA configuration found
[    0.000000] Faking a node at [mem 0x0000000000000000-0x000000003ffeffff]
[    0.000000] NODE_DATA(0) allocated [mem 0x3ffeb000-0x3ffeffff]
[    0.000000] kvm-clock: Using msrs 4b564d01 and 4b564d00
[    0.000000] kvm-clock: cpu 0, msr 0:3ffe3001, primary cpu clock
[    0.000000] kvm-clock: using sched offset of 3606244117 cycles
[    0.000000] clocksource: kvm-clock: mask: 0xffffffffffffffff max_cycles: 0x1cd42e4dffb, max_idle_ns: 881590591483 ns
[    0.000000] Zone ranges:
[    0.000000]   DMA      [mem 0x0000000000001000-0x0000000000ffffff]
[    0.000000]   DMA32    [mem 0x0000000001000000-0x000000003ffeffff]
[    0.000000]   Normal   empty
[    0.000000]   Device   empty
[    0.000000] Movable zone start for each node
[    0.000000] Early memory node ranges
[    0.000000]   node   0: [mem 0x0000000000001000-0x000000000009efff]
[    0.000000]   node   0: [mem 0x0000000000100000-0x000000003ffeffff]
[    0.000000] Initmem setup node 0 [mem 0x0000000000001000-0x000000003ffeffff]
[    0.000000] ACPI: PM-Timer IO Port: 0x4008
[    0.000000] IOAPIC[0]: apic_id 1, version 32, address 0xfec00000, GSI 0-23
[    0.000000] ACPI: INT_SRC_OVR (bus 0 bus_irq 0 global_irq 2 dfl dfl)
[    0.000000] ACPI: INT_SRC_OVR (bus 0 bus_irq 9 global_irq 9 low level)
[    0.000000] Using ACPI (MADT) for SMP configuration information
[    0.000000] smpboot: Allowing 1 CPUs, 0 hotplug CPUs
[    0.000000] PM: Registered nosave memory: [mem 0x00000000-0x00000fff]
[    0.000000] PM: Registered nosave memory: [mem 0x0009f000-0x0009ffff]
[    0.000000] PM: Registered nosave memory: [mem 0x000a0000-0x000effff]
[    0.000000] PM: Registered nosave memory: [mem 0x000f0000-0x000fffff]
[    0.000000] e820: [mem 0x40000000-0xfebfffff] available for PCI devices
[    0.000000] Booting paravirtualized kernel on KVM
[    0.000000] clocksource: refined-jiffies: mask: 0xffffffff max_cycles: 0xffffffff, max_idle_ns: 7645519600211568 ns
[    0.000000] setup_percpu: NR_CPUS:512 nr_cpumask_bits:512 nr_cpu_ids:1 nr_node_ids:1
[    0.000000] PERCPU: Embedded 34 pages/cpu @ffff88003fc00000 s99544 r8192 d31528 u2097152
[    0.000000] PV qspinlock hash table entries: 256 (order: 0, 4096 bytes)
[    0.000000] Built 1 zonelists in Node order, mobility grouping on.  Total pages: 257913
[    0.000000] Policy zone: DMA32
[    0.000000] Kernel command line: BOOT_IMAGE=/boot/vmlinuz-4.4.0-112-generic root=LABEL=cloudimg-rootfs ro console=tty1 console=ttyS0
[    0.000000] PID hash table entries: 4096 (order: 3, 32768 bytes)
[    0.000000] Memory: 1001876K/1048120K available (8499K kernel code, 1309K rwdata, 3988K rodata, 1508K init, 1316K bss, 46244K reserved, 0K cma-reserved)
[    0.000000] SLUB: HWalign=64, Order=0-3, MinObjects=0, CPUs=1, Nodes=1
[    0.000000] Kernel/User page tables isolation: enabled
[    0.000000] Hierarchical RCU implementation.
[    0.000000] 	Build-time adjustment of leaf fanout to 64.
[    0.000000] 	RCU restricting CPUs from NR_CPUS=512 to nr_cpu_ids=1.
[    0.000000] RCU: Adjusting geometry for rcu_fanout_leaf=64, nr_cpu_ids=1
[    0.000000] NR_IRQS:33024 nr_irqs:256 16
[    0.000000] Console: colour VGA+ 80x25
[    0.000000] console [tty1] enabled
[    0.000000] console [ttyS0] enabled
[    0.000000] tsc: Detected 2496.000 MHz processor
[    4.253570] Calibrating delay loop (skipped) preset value.. 4992.00 BogoMIPS (lpj=9984000)
[    4.340051] pid_max: default: 32768 minimum: 301
[    4.341627] ACPI: Core revision 20150930
[    4.382146] ACPI: 2 ACPI AML tables successfully acquired and loaded
[    4.539773] Security Framework initialized
[    4.630339] Yama: becoming mindful.
[    4.632113] AppArmor: AppArmor initialized
[    4.635698] Dentry cache hash table entries: 131072 (order: 8, 1048576 bytes)
[    4.647824] Inode-cache hash table entries: 65536 (order: 7, 524288 bytes)
[    4.653753] Mount-cache hash table entries: 2048 (order: 2, 16384 bytes)
[    4.658140] Mountpoint-cache hash table entries: 2048 (order: 2, 16384 bytes)
[    4.662279] Initializing cgroup subsys io
[    4.666174] Initializing cgroup subsys memory
[    4.669454] Initializing cgroup subsys devices
[    4.673545] Initializing cgroup subsys freezer
[    4.676943] Initializing cgroup subsys net_cls
[    4.680584] Initializing cgroup subsys perf_event
[    4.690330] Initializing cgroup subsys net_prio
[    4.698107] Initializing cgroup subsys hugetlb
[    4.699644] Initializing cgroup subsys pids
[    4.701205] CPU: Physical Processor ID: 0
[    4.702637] FEATURE SPEC_CTRL Not Present
[    4.705343] mce: CPU supports 0 MCE banks
[    4.712597] process: using mwait in idle threads
[    4.717884] Last level iTLB entries: 4KB 64, 2MB 8, 4MB 8
[    4.723037] Last level dTLB entries: 4KB 64, 2MB 0, 4MB 0, 1GB 4
[    4.756815] Freeing SMP alternatives memory: 32K
[    4.786523] ftrace: allocating 32180 entries in 126 pages
[    4.904401] smpboot: APIC(0) Converting physical 0 to logical package 0
[    4.983325] smpboot: Max logical packages: 1
[    4.985717] x2apic enabled
[    4.987217] Switched APIC routing to physical x2apic.
[    4.990735] ..TIMER: vector=0x30 apic1=0 pin1=2 apic2=-1 pin2=-1
[    5.098781] smpboot: CPU0: Intel(R) Core(TM) i5-6300U CPU @ 2.40GHz (family: 0x6, model: 0x4e, stepping: 0x3)
[    5.251264] Performance Events: unsupported p6 CPU model 78 no PMU driver, software events only.
[    5.395194] KVM setup paravirtual spinlock
[    5.401624] x86: Booted up 1 node, 1 CPUs
[    5.409966] smpboot: Total of 1 processors activated (4992.00 BogoMIPS)
[    5.425923] devtmpfs: initialized
[    5.452012] evm: security.selinux
[    5.496035] evm: security.SMACK64
[    5.565808] evm: security.SMACK64EXEC
[    5.648585] evm: security.SMACK64TRANSMUTE
[    5.704408] evm: security.SMACK64MMAP
[    5.806442] evm: security.ima
[    5.900713] evm: security.capability
[    5.985150] clocksource: jiffies: mask: 0xffffffff max_cycles: 0xffffffff, max_idle_ns: 7645041785100000 ns
[    5.989273] futex hash table entries: 256 (order: 2, 16384 bytes)
[    5.991940] pinctrl core: initialized pinctrl subsystem
[    5.995793] RTC time: 19:00:25, date: 02/05/18
[    6.029221] NET: Registered protocol family 16
[    6.136638] cpuidle: using governor ladder
[    6.255250] cpuidle: using governor menu
[    6.259419] PCCT header not found.
[    6.353128] ACPI: bus type PCI registered
[    6.443080] acpiphp: ACPI Hot Plug PCI Controller Driver version: 0.5
[    6.530260] PCI: Using configuration type 1 for base access
[    6.547258] ACPI: Added _OSI(Module Device)
[    6.570442] ACPI: Added _OSI(Processor Device)
[    6.600908] ACPI: Added _OSI(3.0 _SCP Extensions)
[    6.742767] ACPI: Added _OSI(Processor Aggregator Device)
[    6.843011] ACPI: Executed 1 blocks of module-level executable AML code
[    6.852799] ACPI: Interpreter enabled
[    6.855919] ACPI: (supports S0 S5)
[    6.856968] ACPI: Using IOAPIC for interrupt routing
[    6.859790] PCI: Using host bridge windows from ACPI; if necessary, use "pci=nocrs" and report a bug
[    6.871104] ACPI: PCI Root Bridge [PCI0] (domain 0000 [bus 00-ff])
[    6.875939] acpi PNP0A03:00: _OSC: OS supports [ASPM ClockPM Segments MSI]
[    6.880524] acpi PNP0A03:00: _OSC: not requesting OS control; OS requires [ExtendedConfig ASPM ClockPM MSI]
[    6.887317] acpi PNP0A03:00: fail to add MMCONFIG information, can't access extended PCI configuration space under this bridge.
[    6.919038] PCI host bridge to bus 0000:00
[    6.995233] pci_bus 0000:00: root bus resource [io  0x0000-0x0cf7 window]
[    7.080401] pci_bus 0000:00: root bus resource [io  0x0d00-0xffff window]
[    7.233671] pci_bus 0000:00: root bus resource [mem 0x000a0000-0x000bffff window]
[    7.437009] pci_bus 0000:00: root bus resource [mem 0x40000000-0xfdffffff window]
[    7.606437] pci_bus 0000:00: root bus resource [bus 00-ff]
[    7.612134] pci 0000:00:01.1: legacy IDE quirk: reg 0x10: [io  0x01f0-0x01f7]
[    7.647482] pci 0000:00:01.1: legacy IDE quirk: reg 0x14: [io  0x03f6]
[    7.673560] pci 0000:00:01.1: legacy IDE quirk: reg 0x18: [io  0x0170-0x0177]
[    7.693335] pci 0000:00:01.1: legacy IDE quirk: reg 0x1c: [io  0x0376]
[    7.811265] pci 0000:00:07.0: quirk: [io  0x4000-0x403f] claimed by PIIX4 ACPI
[    7.939592] pci 0000:00:07.0: quirk: [io  0x4100-0x410f] claimed by PIIX4 SMB
[    8.023773] ACPI: PCI Interrupt Link [LNKA] (IRQs 5 9 10 *11)
[    8.121777] ACPI: PCI Interrupt Link [LNKB] (IRQs 5 9 *10 11)
[    8.245075] ACPI: PCI Interrupt Link [LNKC] (IRQs 5 *9 10 11)
[    8.263034] ACPI: PCI Interrupt Link [LNKD] (IRQs 5 9 10 *11)
[    8.419108] ACPI: Enabled 2 GPEs in block 00 to 07
[    8.563790] vgaarb: setting as boot device: PCI:0000:00:02.0
[    8.719856] vgaarb: device added: PCI:0000:00:02.0,decodes=io+mem,owns=io+mem,locks=none
[    8.758201] vgaarb: loaded
[    8.776683] vgaarb: bridge control possible 0000:00:02.0
[    8.800284] SCSI subsystem initialized
[    8.854191] ACPI: bus type USB registered
[    8.932864] usbcore: registered new interface driver usbfs
[    8.990467] usbcore: registered new interface driver hub
[    9.090736] usbcore: registered new device driver usb
[    9.092762] PCI: Using ACPI for IRQ routing
[    9.127813] NetLabel: Initializing
[    9.130309] NetLabel:  domain hash size = 128
[    9.135148] NetLabel:  protocols = UNLABELED CIPSOv4
[    9.140237] NetLabel:  unlabeled traffic allowed by default
[    9.143510] amd_nb: Cannot enumerate AMD northbridges
[    9.146069] clocksource: Switched to clocksource kvm-clock
[    9.172757] AppArmor: AppArmor Filesystem Enabled
[    9.299971] pnp: PnP ACPI init
[    9.302714] pnp: PnP ACPI: found 3 devices
[    9.327670] clocksource: acpi_pm: mask: 0xffffff max_cycles: 0xffffff, max_idle_ns: 2085701024 ns
[    9.630378] NET: Registered protocol family 2
[    9.780236] TCP established hash table entries: 8192 (order: 4, 65536 bytes)
[    9.859305] TCP bind hash table entries: 8192 (order: 5, 131072 bytes)
[    9.886070] TCP: Hash tables configured (established 8192 bind 8192)
[    9.921524] UDP hash table entries: 512 (order: 2, 16384 bytes)
[    9.990479] UDP-Lite hash table entries: 512 (order: 2, 16384 bytes)
[   10.122418] NET: Registered protocol family 1
[   10.254962] pci 0000:00:00.0: Limiting direct PCI/PCI transfers
[   10.258267] pci 0000:00:01.0: Activating ISA DMA hang workarounds
[   10.292541] Unpacking initramfs...
[   14.994618] Freeing initrd memory: 10792K
[   15.004970] platform rtc_cmos: registered platform RTC device (no PNP device found)
[   15.008390] Scanning for low memory corruption every 60 seconds
[   15.161498] audit: initializing netlink subsys (disabled)
[   15.246062] audit: type=2000 audit(1517857231.555:1): initialized
[   15.356536] Initialise system trusted keyring
[   15.428950] HugeTLB registered 2 MB page size, pre-allocated 0 pages
[   15.434607] zbud: loaded
[   15.475264] VFS: Disk quotas dquot_6.6.0
[   15.481396] VFS: Dquot-cache hash table entries: 512 (order 0, 4096 bytes)
[   15.516067] squashfs: version 4.0 (2009/01/31) Phillip Lougher
[   15.593743] fuse init (API version 7.23)
[   15.667211] Key type big_key registered
[   15.738566] Allocating IMA MOK and blacklist keyrings.
[   15.869450] Key type asymmetric registered
[   15.893139] Asymmetric key parser 'x509' registered
[   15.898547] Block layer SCSI generic (bsg) driver version 0.4 loaded (major 249)
[   15.906853] io scheduler noop registered
[   15.910027] io scheduler deadline registered (default)
[   15.932775] io scheduler cfq registered
[   15.983953] pci_hotplug: PCI Hot Plug PCI Core version: 0.5
[   16.002246] tsc: Refined TSC clocksource calibration: 2496.006 MHz
[   16.007671] clocksource: tsc: mask: 0xffffffffffffffff max_cycles: 0x23fa7cdd331, max_idle_ns: 440795301699 ns
[   16.014875] pciehp: PCI Express Hot Plug Controller Driver version: 0.4
[   16.025602] ACPI: AC Adapter [AC] (off-line)
[   16.029924] input: Power Button as /devices/LNXSYSTM:00/LNXPWRBN:00/input/input0
[   16.121109] ACPI: Power Button [PWRF]
[   16.182511] input: Sleep Button as /devices/LNXSYSTM:00/LNXSLPBN:00/input/input1
[   16.264250] ACPI: Sleep Button [SLPF]
[   16.298598] ACPI: Battery Slot [BAT0] (battery present)
[   16.468257] GHES: HEST is not enabled!
[   16.550954] Serial: 8250/16550 driver, 32 ports, IRQ sharing enabled
[   16.608143] 00:02: ttyS0 at I/O 0x3f8 (irq = 4, base_baud = 115200) is a 16550A
[   16.626337] Linux agpgart interface v0.103
[   16.674593] loop: module loaded
[   16.764851] scsi host0: ata_piix
[   16.811502] scsi host1: ata_piix
[   16.896557] ata1: PATA max UDMA/33 cmd 0x1f0 ctl 0x3f6 bmdma 0xd000 irq 14
[   17.042889] ata2: PATA max UDMA/33 cmd 0x170 ctl 0x376 bmdma 0xd008 irq 15
[   17.189876] libphy: Fixed MDIO Bus: probed
[   17.260790] tun: Universal TUN/TAP device driver, 1.6
[   17.263504] tun: (C) 1999-2004 Max Krasnyansky <maxk@qualcomm.com>
[   17.268935] PPP generic driver version 2.4.2
[   17.271493] ehci_hcd: USB 2.0 'Enhanced' Host Controller (EHCI) Driver
[   17.399529] ehci-pci: EHCI PCI platform driver
[   17.491361] ehci-platform: EHCI generic platform driver
[   17.556232] ohci_hcd: USB 1.1 'Open' Host Controller (OHCI) Driver
[   17.648201] ohci-pci: OHCI PCI platform driver
[   17.675615] ohci-platform: OHCI generic platform driver
[   17.678865] uhci_hcd: USB Universal Host Controller Interface driver
[   17.705421] i8042: PNP: PS/2 Controller [PNP0303:PS2K,PNP0f03:PS2M] at 0x60,0x64 irq 1,12
[   17.717214] serio: i8042 KBD port at 0x60,0x64 irq 1
[   17.866136] serio: i8042 AUX port at 0x60,0x64 irq 12
[   17.935232] mousedev: PS/2 mouse device common for all mice
[   17.945430] input: AT Translated Set 2 keyboard as /devices/platform/i8042/serio0/input/input2
[   17.975864] rtc_cmos rtc_cmos: rtc core: registered rtc_cmos as rtc0
[   17.981641] rtc_cmos rtc_cmos: alarms up to one day, 114 bytes nvram
[   17.984928] i2c /dev entries driver
[   17.987230] device-mapper: uevent: version 1.0.3
[   18.134364] device-mapper: ioctl: 4.34.0-ioctl (2015-10-28) initialised: dm-devel@redhat.com
[   18.249572] ledtrig-cpu: registered to indicate activity on CPUs
[   18.278948] NET: Registered protocol family 10
[   18.399320] NET: Registered protocol family 17
[   18.538409] Key type dns_resolver registered
[   18.635735] microcode: CPU0 sig=0x406e3, pf=0x2, revision=0x0
[   18.753272] microcode: Microcode Update Driver: v2.01 <tigran@aivazian.fsnet.co.uk>, Peter Oruba
[   18.760348] registered taskstats version 1
[   18.801489] Loading compiled-in X.509 certificates
[   18.812870] Loaded X.509 cert 'Build time autogenerated kernel key: 4c603087bab8f0a02cb3b4e1fb4c40f507e71ef1'
[   18.913014] zswap: loaded using pool lzo/zbud
[   18.977185] Key type trusted registered
[   19.078957] Key type encrypted registered
[   19.212282] AppArmor: AppArmor sha1 policy hashing enabled
[   19.219275] ima: No TPM chip found, activating TPM-bypass!
[   19.277798] evm: HMAC attrs: 0x1
[   19.316774]   Magic number: 6:327:40
[   19.412657] bdi 7:5: hash matches
[   19.532464] rtc_cmos rtc_cmos: setting system clock to 2018-02-05 19:00:39 UTC (1517857239)
[   19.756945] BIOS EDD facility v0.16 2004-Jun-25, 0 devices found
[   19.867946] EDD information not available.
[   19.875826] Freeing unused kernel memory: 1508K
[   19.918024] Write protecting the kernel read-only data: 14336k
[   19.935369] Freeing unused kernel memory: 1728K
[   19.958003] Freeing unused kernel memory: 108K
Loading, please wait...
[   20.053639] random: udevadm: uninitialized urandom read (16 bytes read, 7 bits of entropy available)
starting version[   20.227615] random: systemd-udevd: uninitialized urandom read (16 bytes read, 7 bits of entropy available)
 229
[   20.451482] random: udevadm: uninitialized urandom read (16 bytes read, 7 bits of entropy available)
[   20.475852] random: udevadm: uninitialized urandom read (16 bytes read, 7 bits of entropy available)
[   20.508624] random: systemd-udevd: uninitialized urandom read (16 bytes read, 7 bits of entropy available)
[   20.690142] random: udevadm: uninitialized urandom read (16 bytes read, 7 bits of entropy available)
[   20.922635] random: systemd-udevd: uninitialized urandom read (16 bytes read, 7 bits of entropy available)
[   21.002448] random: udevadm: uninitialized urandom read (16 bytes read, 7 bits of entropy available)
[   21.011435] random: udevadm: uninitialized urandom read (16 bytes read, 7 bits of entropy available)
[   21.098483] random: systemd-udevd: uninitialized urandom read (16 bytes read, 7 bits of entropy available)
[   21.436714] Fusion MPT base driver 3.04.20
[   21.512981] Copyright (c) 1999-2008 LSI Corporation
[   21.709207] e1000: Intel(R) PRO/1000 Network Driver - version 7.3.21-k8-NAPI
[   21.932189] e1000: Copyright (c) 1999-2006 Intel Corporation.
[   22.145987] AVX2 version of gcm_enc/dec engaged.
[   22.194377] AES CTR mode by8 optimization enabled
[   22.297267] input: ImExPS/2 Generic Explorer Mouse as /devices/platform/i8042/serio1/input/input4
[   22.513775] Fusion MPT SPI Host driver 3.04.20
[   23.071665] e1000 0000:00:03.0 eth0: (PCI:33MHz:32-bit) 02:1f:2a:60:99:e3
[   23.202066] e1000 0000:00:03.0 eth0: Intel(R) PRO/1000 Network Connection
[   23.213427] e1000 0000:00:03.0 enp0s3: renamed from eth0
[   23.228350] mptbase: ioc0: Initiating bringup
[   23.314504] ioc0: LSI53C1030 A0: Capabilities={Initiator}
[   23.539619] scsi host2: ioc0: LSI53C1030 A0, FwRev=00000000h, Ports=1, MaxQ=256, IRQ=20
[   23.787674] scsi 2:0:0:0: Direct-Access     VBOX     HARDDISK         1.0  PQ: 0 ANSI: 5
[   23.931133] scsi target2:0:0: Beginning Domain Validation
[   23.937320] scsi target2:0:0: Domain Validation skipping write tests
[   24.055211] scsi target2:0:0: Ending Domain Validation
[   24.141486] scsi target2:0:0: asynchronous
[   24.144448] scsi 2:0:1:0: Direct-Access     VBOX     HARDDISK         1.0  PQ: 0 ANSI: 5
[   24.270867] scsi target2:0:1: Beginning Domain Validation
[   24.274223] scsi target2:0:1: Domain Validation skipping write tests
[   24.285765] scsi target2:0:1: Ending Domain Validation
[   24.337334] scsi target2:0:1: asynchronous
[   24.370557] sd 2:0:0:0: Attached scsi generic sg0 type 0
[   24.391698] sd 2:0:0:0: [sda] 20971520 512-byte logical blocks: (10.7 GB/10.0 GiB)
[   24.554148] sd 2:0:1:0: [sdb] 20480 512-byte logical blocks: (10.5 MB/10.0 MiB)
[   24.599018] sd 2:0:1:0: Attached scsi generic sg1 type 0
[   24.625275] sd 2:0:1:0: [sdb] Write Protect is off
[   24.630301] sd 2:0:0:0: [sda] Write Protect is off
[   24.657508] sd 2:0:1:0: [sdb] Incomplete mode parameter data
[   24.727673] sd 2:0:1:0: [sdb] Assuming drive cache: write through
[   24.852377] sd 2:0:0:0: [sda] Incomplete mode parameter data
[   24.896481] sd 2:0:0:0: [sda] Assuming drive cache: write through
[   24.945916]  sda: sda1
[   24.991441] sd 2:0:1:0: [sdb] Attached SCSI disk
[   25.084746] sd 2:0:0:0: [sda] Attached SCSI disk
[   25.150560] floppy0: no floppy controllers found
Begin: Loading e[   27.095455] md: linear personality registered for level -1
ssential drivers[   27.183457] md: multipath personality registered for level -4
 ... [   27.292583] md: raid0 personality registered for level 0
[   27.329976] md: raid1 personality registered for level 1
[   27.446276] raid6: sse2x1   gen()  4890 MB/s
[   27.538507] raid6: sse2x1   xor()  3520 MB/s
[   27.650333] raid6: sse2x2   gen()  5671 MB/s
[   27.754361] raid6: sse2x2   xor()  4782 MB/s
[   27.830620] raid6: sse2x4   gen()  8222 MB/s
[   27.902250] raid6: sse2x4   xor()  4076 MB/s
[   27.978291] raid6: avx2x1   gen() 14165 MB/s
[   28.046444] raid6: avx2x2   gen() 12282 MB/s
[   28.146389] raid6: avx2x4   gen() 15555 MB/s
[   28.207508] raid6: using algorithm avx2x4 gen() 15555 MB/s
[   28.243495] raid6: using avx2x2 recovery algorithm
[   28.248872] xor: automatically using best checksumming function:
[   28.314410]    avx       : 14011.000 MB/sec
[   28.323665] async_tx: api initialized (async)
[   28.362095] md: raid6 personality registered for level 6
[   28.401567] md: raid5 personality registered for level 5
[   28.447141] md: raid4 personality registered for level 4
[   28.512910] md: raid10 personality registered for level 10
done.
Begin: Running /scripts/init-premount ... done.
Begin: Mounting root file system ... Begin: Running /scripts/local-top ... done.
Begin: Runni[   28.627881] Btrfs loaded
ng /scripts/local-premount ... Scanning for Btrfs filesystems
done.
Warning: fsck no[   28.789768] EXT4-fs (sda1): mounted filesystem with ordered data mode. Opts: (null)
t present, so skipping root file system
done.
Begin: Running /scripts/local-bottom ... done.
Begin: Running /scripts/init-bottom ... done.
[   29.062416] systemd[1]: systemd 229 running in system mode. (+PAM +AUDIT +SELINUX +IMA +APPARMOR +SMACK +SYSVINIT +UTMP +LIBCRYPTSETUP +GCRYPT +GNUTLS +ACL +XZ -LZ4 +SECCOMP +BLKID +ELFUTILS +KMOD -IDN)
[   29.270919] systemd[1]: Detected virtualization oracle.
[   29.336252] systemd[1]: Detected architecture x86-64.

Welcome to [1mUbuntu 16.04.3 LTS[0m!

[   29.462033] systemd[1]: Set hostname to <ubuntu>.
[   29.469591] systemd[1]: Initializing machine ID from random generator.
[   29.488910] systemd[1]: Installed transient /etc/machine-id file.
[   29.700231] random: nonblocking pool is initialized
[   29.856738] systemd[1]: Created slice System Slice.
[[0;32m  OK  [0m] Created slice System Slice.
[   29.896178] systemd[1]: Listening on Syslog Socket.
[[0;32m  OK  [0m] Listening on Syslog Socket.
[   29.910512] systemd[1]: Listening on Journal Socket (/dev/log).
[[0;32m  OK  [0m] Listening on Journal Socket (/dev/log).
[   29.956191] systemd[1]: Created slice User and Session Slice.
[[0;32m  OK  [0m] Created slice User and Session Slice.
[   29.976010] systemd[1]: Reached target Slices.
[[0;32m  OK  [0m] Reached target Slices.
[   29.981654] systemd[1]: Started Forward Password Requests to Wall Directory Watch.
[[0;32m  OK  [0m] Started Forward Password Requests to Wall Directory Watch.
[   29.989990] systemd[1]: Listening on udev Kernel Socket.
[[0;32m  OK  [0m] Listening on udev Kernel Socket.
[   30.021778] systemd[1]: Listening on Device-mapper event daemon FIFOs.
[[0;32m  OK  [0m] Listening on Device-mapper event daemon FIFOs.
[   30.058757] systemd[1]: Reached target Encrypted Volumes.
[[0;32m  OK  [0m] Reached target Encrypted Volumes.
[   30.067542] systemd[1]: Reached target User and Group Name Lookups.
[[0;32m  OK  [0m] Reached target User and Group Name Lookups.
[   30.089764] systemd[1]: Listening on Journal Audit Socket.
[[0;32m  OK  [0m] Listening on Journal Audit Socket.
[   30.102420] systemd[1]: Set up automount Arbitrary Executable File Formats File System Automount Point.
[[0;32m  OK  [0m] Set up automount Arbitrary Executab...ats File System Automount Point.
[   30.115159] systemd[1]: Created slice system-serial\x2dgetty.slice.
[[0;32m  OK  [0m] Created slice system-serial\x2dgetty.slice.
[   30.123319] systemd[1]: Listening on udev Control Socket.
[[0;32m  OK  [0m] Listening on udev Control Socket.
[   30.132241] systemd[1]: Started Trigger resolvconf update for networkd DNS.
[[0;32m  OK  [0m] Started Trigger resolvconf update for networkd DNS.
[   30.163295] systemd[1]: Listening on LVM2 poll daemon socket.
[[0;32m  OK  [0m] Listening on LVM2 poll daemon socket.
[   30.179237] systemd[1]: Listening on LVM2 metadata daemon socket.
[[0;32m  OK  [0m] Listening on LVM2 metadata daemon socket.
[   30.196854] systemd[1]: Reached target Swap.
[[0;32m  OK  [0m] Reached target Swap.
[   30.208293] systemd[1]: Listening on /dev/initctl Compatibility Named Pipe.
[[0;32m  OK  [0m] Listening on /dev/initctl Compatibility Named Pipe.
[   30.242390] systemd[1]: Listening on Journal Socket.
[[0;32m  OK  [0m] Listening on Journal Socket.
[   30.279127] systemd[1]: Mounting POSIX Message Queue File System...
         Mounting POSIX Message Queue File System...
[   30.331591] systemd[1]: Starting Set console keymap...
         Starting Set console keymap...
[   30.427766] systemd[1]: Mounting Huge Pages File System...
         Mounting Huge Pages File System...
[   30.487853] systemd[1]: Starting Remount Root and Kernel File Systems...
         [   30.514485] EXT4-fs (sda1): re-mounted. Opts: (null)
Starting Remount Root and Kernel File Systems...
[   30.533495] systemd[1]: Starting Create list of required static device nodes for the current kernel...
         Starting Create list of required st... nodes for the current kernel...
[   30.627909] systemd[1]: Starting Nameserver information manager...
         Starting Nameserver information manager...
[   30.733191] systemd[1]: Starting Load Kernel Modules...
         Starting Load Ke[   30.845901] Loading iSCSI transport class v2.0-870.
rnel Modules...
[   30.959274] systemd[1]: Starting Uncomplicated firewall...
[   31.018822] iscsi: registered transport (tcp)
         Starting Uncomplicated firewall.[   31.167663] iscsi: registered transport (iser)
..
[   31.204319] systemd[1]: Starting Monitoring of LVM2 mirrors, snapshots etc. using dmeventd or progress polling...
         Starting Monitoring of LVM2 mirrors... dmeventd or progress polling...
[   31.291908] systemd[1]: Starting Journal Service...
         Starting Journal Service...
[   31.376091] systemd[1]: Mounting Debug File System...
         Mounting Debug File System...
[   31.435104] systemd[1]: Mounted Huge Pages File System.
[[0;32m  OK  [0m] Mounted Huge Pages File System.
[   31.483832] systemd[1]: Mounted Debug File System.
[[0;32m  OK  [0m] Mounted Debug File System.
[   31.516060] systemd[1]: Mountee POSIX Message Queue File System.
[[0;32m  OK  [0m] Mounted POSIX Message Queue File System.
[   31.555037] systemd[1]: Started Journal Service.
[[0;32m  OK  [0m] Started Journal Service.
[[0;32m  OK  [0m] Started Set console keymap.
[[0;32m  OK  [0m] Started Remount Root and Kernel File Systems.
[[0;32m  OK  [0m] Started Create list of required sta...ce nodes for the current kernel.
[[0;32m  OK  [0m] Started Load Kernel Modules.
[[0;32m  OK  [0m] Started Uncomplicated firewall.
[[0;32m  OK  [0m] Started Nameserver information manager.
[[0;32m  OK  [0m] Started LVM2 metadata daemon.
         Starting Apply Kernel Variables...
         Mounting FUSE Control File System...
         Starting Create Static Device Nodes in /dev...
         Starting Initial cloud-init job (pre-networking)...
         Starting Load/Save Random Seed...
         Starting udev Coldplug all Devices...
         Starting Flush Journal to Persistent Storage...
[[0;32m  OK  [0m] Mounted FUSE Control File System.
[[0;32m  OK  [0m] Started Apply Kernel Variables.
[[0;32m  OK  [0m] Started Monitoring of LVM2 mirrors,...ng dmeventd or progress polling.
[[0;32m  OK  [0m] Started Create Static Device Nodes in /dev.
[[0;32m  OK  [0m] Started Load/Save Random Seed.
[[0;32m  OK  [0m] Started Flush Journal to Persistent Storage.
[[0;32m  OK  [0m] Started udev Coldplug all Devices.
         Starting udev Kernel Device Manager...
[[0;32m  OK  [0m] Started udev Kernel Device Manager.
[[0;32m  OK  [0m] Started Dispatch Password Requests to Console Directory Watch.
[[0;32m  OK  [0m] Reached target Local File Systems (Pre).
[[0;32m  OK  [0m] Reached target Local File Systems.
         Starting Create Volatile Files and Directories...
         Starting Set console font and keymap...
         Starting Tell Plymouth To Write Out Runtime Data...
         Starting Commit a transient machine-id on disk...
         Starting LSB: AppArmor initialization...
[[0;32m  OK  [0m] Started Create Volatile Files and Directories.
[[0;32m  OK  [0m] Started Tell Plymouth To Write Out Runtime Data.
[[0;32m  OK  [0m] Started Commit a transient machine-id on disk.
         Starting Update UTMP about System Boot/Shutdown...
[[0;32m  OK  [0m] Reached target System Time Synchronized.
[[0;32m  OK  [0m] Started Update UTMP about System Boot/Shutdown.
[[0;32m  OK  [0m] Found device /dev/ttyS0.
[[0;32m  OK  [0m] Listening on Load/Save RF Kill Switch Status /dev/rfkill Watch.
[   29.449567] cloud-init[452]: Cloud-init v. 17.1 running 'init-local' at Mon, 05 Feb 2018 19:00:56 +0000. Up 27.51 seconds.
[[0;32m  OK  [0m] Started Initial cloud-init job (pre-networking).
[[0;32m  OK  [0m] Reached target Network (Pre).
[[0;32m  OK  [0m] Started Set console font and keymap.
[[0;32m  OK  [0m] Created slice system-getty.slice.
[[0;32m  OK  [0m] Started LSB: AppArmor initialization.
         Starting Raise network interfaces...
[[0;32m  OK  [0m] Started Raise network interfaces.
[[0;32m  OK  [0m] Reached target Network.
         Starting Initial cloud-init job (metadata service crawler)...
[   36.552795] cloud-init[951]: Cloud-init v. 17.1 running 'init' at Mon, 05 Feb 2018 19:01:03 +0000. Up 35.37 seconds.
[   36.622786] cloud-init[951]: ci-info: +++++++++++++++++++++++++++++++++++++Net device info++++++++++++++++++++++++++++++++++++++
[   36.632521] cloud-init[951]: ci-info: +--------+------+----------------------------+---------------+-------+-------------------+
[   36.717224] cloud-init[951]: ci-info: | Device |  Up  |          Address           |      Mask     | Scope |     Hw-Address    |
[[0;32m  OK  [0m] Started Initial cloud-init job (metadata service crawler).
[   36.811875] cloud-init[951]: ci-info: +--------+------+----------------------------+---------------+-------+-------------------+
[   36.842045] cloud-init[951]: ci-info: | enp0s3 | True |         10.0.2.15          | 255.255.255.0 |   .   | 02:1f:2a:60:99:e3 |
[   36.885997] cloud-init[951]: ci-info: | enp0s3 | True | fe80::1f:2aff:fe60:99e3/64 |       .       |  link | 02:1f:2a:60:99:e3 |
[   36.934534] cloud-init[951]: ci-info: |   lo   | True |         127.0.0.1          |   255.0.0.0   |   .   |         .         |
[[0;32m  OK  [0m] Reached target Network is Online.
[   36.980196] cloud-init[951]: ci-info: |   lo   | True |          ::1/128           |       .       |  host |         .         |
[   37.052590] cloud-init[951]: ci-info: +--------+------+----------------------------+---------------+-------+-------------------+
         Starting iSCSI initiator daemon (iscsid)...
[   37.130541] cloud-init[951]: ci-info: +++++++++++++++++++++++++++Route IPv4 info++++++++++++++++++++++++++++
[[0;32m  OK  [0m] Reached target System Initialization.
[   37.235193] cloud-init[951]: ci-info: +-------+-------------+----------+---------------+-----------+-------+
[[0;32m  OK  [0m] Listening on ACPID Listen Socket.
[[0;32m  OK  [0m] Started Daily Cleanup of Temporary Directories.
[   37.281865] cloud-init[951]: ci-info: | Route | Destination | Gateway  |    Genmask    | Interface | Flags |
[[0;32m  OK  [0m] Listening on D-Bus System Message Bus Socket.
[   37.387252] cloud-init[951]: ci-info: +-------+-------------+----------+---------------+-----------+-------+
[[0;32m  OK  [0m[   37.456721] cloud-init[951]: ci-info: |   0   |   0.0.0.0   | 10.0.2.2 |    0.0.0.0    |   enp0s3  |   UG  |
[   37.456847] cloud-init[951]: ci-info: |   1   |   10.0.2.0  | 0.0.0.0  | 255.255.255.0 |   enp0s3  |   U   |
[   37.456946] cloud-init[951]: ci-info: +-------+-------------+----------+---------------+-----------+-------+
[   37.457610] cloud-init[951]: Generating public/private rsa key pair.
[   37.457724] cloud-init[951]: Your identification has been saved in /etc/ssh/ssh_host_rsa_key.
[   37.457826] cloud-init[951]: Your public key has been saved in /etc/ssh/ssh_host_rsa_key.pub.
[   37.457926] cloud-init[951]: The key fingerprint is:
[   37.458024] cloud-init[951]: SHA256:Omp+0bAzLvk7EyOW/zPRDFv73ZKMNiUQTl6Ya8+GxXs root@ubuntu-xenial
[   37.458122] cloud-init[951]: The key's randomart image is:
[   37.458224] cloud-init[951]: +---[RSA 2048]----+
[   37.458323] cloud-init[951]: |           o     |
[   37.458421] cloud-init[951]: |          = .    |
[   37.458616] cloud-init[951]: |         + =     |
[   37.458721] cloud-init[951]: |      . . B o    |
[   37.458826] cloud-init[951]: |     . +SB B .   |
[   37.458930] cloud-init[951]: |    + B.+ = * E  |
[   37.459038] cloud-init[951]: |   . =o* . o B o |
[   37.459140] cloud-init[951]: |    +.*.o   = = .|
[   37.459243] cloud-init[951]: |   oo+o=.o . . . |
[   37.459343] cloud-init[951]: +----[SHA256]-----+
[   37.459493] cloud-init[951]: Generating public/private dsa key pair.
[   37.459589] cloud-init[951]: Your identification has been saved in /etc/ssh/ssh_host_dsa_key.
[   37.459664] cloud-init[951]: Your public key has been saved in /etc/ssh/ssh_host_dsa_key.pub.
[   37.459736] cloud-init[951]: The key fingerprint is:
[   37.459805] cloud-init[951]: SHA256:i+6lGbsZcu3covbWpPR2GeCyi32f9iRspLBbpK/nN+I root@ubuntu-xenial
[   37.459877] cloud-init[951]: The key's randomart image is:
[   37.459953] cloud-init[951]: +---[DSA 1024]----+
[   37.460047] cloud-init[951]: |                 |
[   37.460135] cloud-init[951]: |                 |
[   37.460210] cloud-init[951]: |                 |
[   37.460281] cloud-init[951]: |          .      |
[   37.460351] cloud-init[951]: |        S....    |
] Started Daily apt download activities.
[[0;32m  OK  [0m] Started Daily apt upgrade and clean activities.
         Starting Socket activation for snappy daemon.
[   37.460702] cloud-init[951]: |       oo*o+.    |
[   38.352293] cloud-init[951]: |    . =.*Bo +o.  |
[[0;32m  OK  [0m] Started ACPI Events Check.
[[0;32m  OK  [0m] Reached target Paths.
[   38.399444] cloud-init[951]: |     +.&==B.*+   |[[0;32m  OK  [0m] Started Timer to automatically refresh installed snaps.
[[0;32m  OK  [0m] Reached target Timers.

         Starting LXD - unix socket.
[[0;32m  OK  [0m] Listening on UUID daemon activation socket.
[   38.475870] cloud-init[951]: |     o@=OXE*oo.  |
[[0;32m  OK  [0m] Reached target Cloud-config availability.
[   38.538844] cloud-init[951]: +----[SHA256]-----+
[[   38.580367] cloud-init[951]: Generating public/private ecdsa key pair.
[   38.581688] cloud-init[951]: Your identification has been saved in /etc/ssh/ssh_host_ecdsa_key.
[   38.581785] cloud-init[951]: Your public key has been saved in /etc/ssh/ssh_host_ecdsa_key.pub.
[   38.581866] cloud-init[951]: The key fingerprint is:
[   38.581989] cloud-init[951]: SHA256:+UOcgyTm1sh1asIFU3G2HuUYs+tDVt+eoU7+1dPZxoo root@ubuntu-xenial
[   38.582559] cloud-init[951]: The key's randomart image is:
[   38.582694] cloud-init[951]: +---[ECDSA 256]---+
[   38.582828] cloud-init[951]: |      o.o.= .    |
[   38.582922] cloud-init[951]: |       o o O     |
[   38.583001] cloud-init[951]: |      o + * o    |
[0;32m  OK  [0m] Listening on Socket activation for snappy daemon.
[[0;32m  OK  [0m] Listening on LXD - unix socket.
[   38.584842] cloud-init[951]: |     = B B = . . |
[[0;32m  OK  [0m[   38.836580] cloud-init[951]: |      B S X   ...|
[   38.837189] cloud-init[951]: |     . o * .  .oB|
[   38.837323] cloud-init[951]: |          =  o +O|
[   38.837434] cloud-init[951]: |           o+. oo|
[   38.837553] cloud-init[951]: |            Eoo. |
[   38.837651] cloud-init[951]: +----[SHA256]-----+
[   38.837747] cloud-init[951]: Generating public/private ed25519 key pair.
[   38.837847] cloud-init[951]: Your identification has been saved in /etc/ssh/ssh_host_ed25519_key.
[   38.837930] cloud-init[951]: Your public key has been saved in /etc/ssh/ssh_host_ed25519_key.pub.
[   38.838008] cloud-init[951]: The key fingerprint is:
[   38.838085] cloud-init[951]: SHA256:kF7nsSSDdLy6epKj+mR1bUshKEMUp6Rmfe8VueZ2hxs root@ubuntu-xenial
[   38.838174] cloud-init[951]: The key's randomart image is:
] Started iSCSI initiator daemon (iscsid).
         Starting Login to default iSCSI targets...
[[0;32m  OK  [0m] Reached target Sockets.
[   39.126984] cloud-init[951]: +--[ED25519 256]--+
[[0;32m  OK  [0m] Reached target Basic System.
[   39.250484] cloud-init[951]: | .=.. ...        |
[   39.285985] cloud-init[951]: | +.o o +. .      |
[   39.304262] cloud-init[951]: |.o+...= =++      |
[   39.304877] cloud-init[951]: |o  o...=.Boo     |
[   39.304988] cloud-init[951]: |    . ooS+o      |
[   39.305089] cloud-init[951]: |   . .oo+.  .    |
[   39.305188] cloud-init[951]: |  o  . o.o E .   |
[   39.305287] cloud-init[951]: | o  + o . . +    |
[   39.305887] cloud-init[951]: |.oo..=     .     |
[   39.305986] cloud-init[951]: +----[SHA256]-----+
[[0;32m  OK  [0m] Started Deferred execution scheduler.
         Starting Pollinate to seed the pseudo random number generator...
         Starting LSB: MD monitoring daemon...
[[0;32m  OK  [0m] Started Regular background program processing daemon.
         Starting LSB: Record successful boot for GRUB...
         Starting /etc/rc.local Compatibility...
         Starting Snappy daemon...
         Starting System Logging Service...
         Starting Accounts Service...
[[0;32m  OK  [0m] Started ACPI event daemon.
[[0;32m  OK  [0m] Started D-Bus System Message Bus.
[[0;32m  OK  [0m] Started FUSE filesystem for LXC.
         Starting Login Service...
[[0;32m  OK  [0m] Started Unattended Upgrades Shutdown.
         Starting LXD - container startup/shutdown...
         Starting Apply the settings specified in cloud-config...
[[0;32m  OK  [0m] Started System Logging Service.
[[0;32m  OK  [0m] Started /etc/rc.local Compatibility.
[[0;32m  OK  [0m] Started Snappy daemon.
[[0;32m  OK  [0m] Started Login to default iSCSI targets.
[[0;32m  OK  [0m] Started LXD - container startup/shutdown.
[[0;32m  OK  [0m] Started LSB: Record successful boot for GRUB.
[[0;32m  OK  [0m] Started LSB: MD monitoring daemon.
[[0;32m  OK  [0m] Started Login Service.
         Starting Authenticate and Authorize Users to Run Privileged Tasks...
[[0;32m  OK  [0m] Reached target Remote File Systems (Pre).
[[0;32m  OK  [0m] Reached target Remote File Systems.
         Starting LSB: Set the CPU Frequency Scaling governor to "ondemand"...
         Starting LSB: VirtualBox Linux Additions...
         Starting LSB: automatic crash report generation...
         Starting LSB: daemon to balance interrupts for SMP systems...
         Starting Permit User Sessions...
[[0;32m  OK  [0m] Started Permit User Sessions.
[[0;32m  OK  [0m] Started Authenticate and Authorize Users to Run Privileged Tasks.
[[0;32m  OK  [0m] Started Accounts Service.
[[0;32m  OK  [0m] Started LSB: Set the CPU Frequency Scaling governor to "ondemand".
         Starting Hold until boot process finishes up...
         Starting Terminate Plymouth Boot Screen...
[[0;32m  OK  [0m] Started LSB: automatic crash report generation.
[[0;32m  OK  [0m] Started LSB: daemon to balance interrupts for SMP systems.
[[0;32m  OK  [0m] Started LSB: VirtualBox Linux Additions.
[[0;32m  OK  [0m] Started Hold until boot process finishes up.
[[0;32m  OK  [0m] Started Terminate Plymouth Boot Screen.
[[0;32m  OK  [0m] Started Getty on tty1.
[[0;32m  OK  [0m] Started Serial Getty on ttyS0.
[[0;32m  OK  [0m] Reached target Login Prompts.
         Starting Set console scheme...
[[0;32m  OK  [0m] Started Set console scheme.
[[0;32m  OK  [0m] Started Pollinate to seed the pseudo random number generator.
         Starting OpenBSD Secure Shell server...
[[0;32m  OK  [0m] Started OpenBSD Secure Shell server.
[[0;32m  OK  [0m] Reached target Multi-User System.
[[0;32m  OK  [0m] Reached target Graphical Interface.
         Starting Update UTMP about System Runlevel Changes...
[[0;32m  OK  [0m] Started Update UTMP about System Runlevel Changes.
[   42.124565] cloud-init[1134]: Generating locales (this might take a while)...
[[0;32m  OK  [0m] Created slice User Slice of vagrant.
         Starting User Manager for UID 1000...
[[0;32m  OK  [0m] Started User Manager for UID 1000.
[[0;32m  OK  [0m] Started Session 1 of user vagrant.
[   45.232006] cloud-init[1134]:   en_US.UTF-8... done
[   45.272431] cloud-init[1134]: Generation complete.
[   46.573826] cloud-init[1134]: Cloud-init v. 17.1 running 'modules:config' at Mon, 05 Feb 2018 19:01:10 +0000. Up 41.61 seconds.

Ubuntu 16.04.3 LTS ubuntu-xenial ttyS0

ubuntu-xenial login: ci-info: no authorized ssh keys fingerprints found for user ubuntu.
<14>Feb  5 19:01:17 ec2: 
<14>Feb  5 19:01:17 ec2: #############################################################
<14>Feb  5 19:01:17 ec2: -----BEGIN SSH HOST KEY FINGERPRINTS-----
<14>Feb  5 19:01:17 ec2: 1024 SHA256:i+6lGbsZcu3covbWpPR2GeCyi32f9iRspLBbpK/nN+I root@ubuntu-xenial (DSA)
<<4>Feb  5 19:01:17 ec2: 256 SHA256:+UOcgyTm1sh1asIFU3G2HuUYs+tDVt+eoU7+1dPZxoo root@ubuntu-xenial (ECDSA)
<14>Feb  5 19:01:17 ec2: 256 SHA256:kF7nsSSDdLy6epKj+mR1bUshKEMUp6Rmfe8VueZ2hxs root@ubuntu-xenial (ED25519)
<14>Feb  5 19:01:17 ec2: 2048 SHA256:Omp+0bAzLvk7EyOW/zPRDFv73ZKMNiUQTl6Ya8+GxXs root@ubuntu-xenial (RSA)
<14>Feb  5 19:01:17 ec2: -----END SSH HOST KEY FINGERPRINTS-----
<14>Feb  5 19:01:17 ec2: #############################################################
-----BEGIN SSH HOST KEY KEYS-----
ecdsa-sha2-nistp256 AAAAE2VjZHNhLXNoYTItbmlzdHAyNTYAAAAIbmlzdHAyNTYAAABBBG7tuAZBL9PhSEjg7aFQ6rt+KmRrkHtHuZhswhCC9nbdm7BDlqva2fKSP1185xBNSx9aPBUsgyJdKW6R7Bbx9mM= root@ubuntu-xenial
ssh-ed25519 AAAAC3NzaC1lZDI1NTE5AAAAIFd25XmItFDqa7q3t6Ng4t+IFBgNlW3f/F4i82P2opAt root@ubuntu-xenial
ssh-rsa AAAAB3NzaC1yc2EAAAADAQABAAABAQDGHjNWgRMXB6nJJa+WD2ltOsSOVL60gRefLG0QlnMQ7/H6dLRi62HXvihhe9S5/yRDSpXg5homiQTag8M/OnY4Am9thfT0oCEuIwshc6tEZzsShN7qs05fxFVqzLXm9xxbKw3EYCN1mwTdahv8bbqn4MOE9ZAUL7O2uvYCchqnn+YfWjocBPRRe7C844TvicxzK3u1z1ILXSIOU+PcsV5PigRY5IeJCefvnmh+I9o23X71XLjIrWmotn0J9BAXQ4ojcGCprsZ76Dvtm8SXfqDrgEztf8tXac2aTZW2N8NlRv3PRE4DslT8wFRP6RXvlEjo2VeGR+IJXwDxVNJCsZTD root@ubuntu-xenial
-----END SSH HOST KEY KEYS-----
[   49.268857] cloud-init[1424]: Cloud-init v. 17.1 running 'modules:final' at Mon, 05 Feb 2018 19:01:16 +0000. Up 48.29 seconds.
[   49.269111] cloud-init[1424]: ci-info: no authorized ssh keys fingerprints found for user ubuntu.
[   49.269298] cloud-init[1424]: Cloud-init v. 17.1 finished at Mon, 05 Feb 2018 19:01:17 +0000. Datasource DataSourceNoCloud [seed=/dev/sdb][dsmode=net].  Up 49.24 seconds
         Stopping User Manager for UID 1000...
         Stopping Session 4 of user vagrant.
[[0;32m  OK  [0m] Closed Load/Save RFl[[0;32m  OK  [0m] Unmounted /var/lib/lxcfs.
[[0;32m  OK  [0m] Stopped Deferred execution scheduler.
[[0;32m  OK  [0m] Stopped Regular background program processing daemon.
[[0;32m  OK  [0m] Stopped Snappy daemon.
[[0;32m  OK  [0m] Stopped System Logging Service.
[[0;32m  OK  [0m] Stopped Accounts Service.
[[0;32m  OK  [0m] Stopped ACPI event daemon.
[[0;32m  OK  [0m] Stopped Authenticate and Authorize Users to Run Privileged Tasks.
[[0;32m  OK  [0m] Stopped Getty on tty1.
[[0;32m  OK  [0m] Stopped Serial Getty on ttyS0.
[[0;32m  OK  [0m] Stopped OpenBSD Secure Shell server.
[[0;32m  OK  [0m] Stopped User Manager for UID 1000.
[[0;32m  OK  [0m] Stopped Unattended Upgrades Shutdown.
[[0;32m  OK  [0m] Stopped Session 4 of user vagrant.
[[0;32m  OK  [0m] Stopped D-Bus System Message Bus.
[[0;32m  OK  [0m] Stopped FUSE filesystem for LXC.
[[0;32m  OK  [0m] Stopped LXD - container startup/shutdown.
[[0;32m  OK  [0m] Stopped LSB: Set the CPU Frequency Scaling governor to "ondemand".
[[0;32m  OK  [0m] Stopped LSB: daemon to balance interrupts for SMP systems.
[[0;32m  OK  [0m] Stopped LSB: MD monitoring daemon.
[[0;32m  OK  [0m] Stopped LSB: VirtualBox Linux Additions.
[[0;32m  OK  [0m] Stopped LSB: Record successful boot for GRUB.
[[0;32m  OK  [0m] Stopped LSB: automatic crash report generation.
[[0;32m  OK  [0m] Removed slice User Slice of vagrant.
         Stopping Login Service...
[[0;32m  OK  [0m] Removed slice system-serial\x2dgetty.slice.
         Stopping Permit User Sessions...
[[0;32m  OK  [0m] Removed slice system-getty.slice.
[[0;32m  OK  [0m] Stopped /etc/rc.local Compatibility.
[[0;32m  OK  [0m] Stopped Login Service.
[[0;32m  OK  [0m] Stopped Permit User Sessions.
[[0;32m  OK  [0m] Stopped target Remote File Systems.
[[0;32m  OK  [0m] Stopped target Remote File Systems (Pre).
         Stopping Login to default iSCSI targets...
[[0;32m  OK  [0m] Stopped target Basic System.
[[0;32m  OK  [0m] Stopped target Sockets.
[[0;32m  OK  [0m] Closed LXD - unix socket.
[[0;32m  OK  [0m] Closed Syslog Socket.
[[0;32m  OK  [0m] Closed UUID daemon activation socket.
[[0;32m  OK  [0m] Closed D-Bus System Message Bus Socket.
[[0;32m  OK  [0m] Closed ACPID Listen Socket.
[[0;32m  OK  [0m] Closed Socket activation for snappy daemon.
[[0;32m  OK  [0m] Stopped target Slices.
[[0;32m  OK  [0m] Removed slice User and Session Slice.
[[0;32m  OK  [0m] Stopped target Paths.
[[0;32m  OK  [0m] Stopped ACPI Events Check.
[[0;32m  OK  [0m] Stopped target System Initialization.
         Stopping Load/Save Random Seed...
         Stopping Update UTMP about System Boot/Shutdown...
[[0;32m  OK  [0m] Stopped target Swap.
[[0;32m  OK  [0m] Stopped target Encrypted Volumes.
[[0;32m  OK  [0m] Stopped Commit a transient machine-id on disk.
[[0;32m  OK  [0m] Stopped Dispatch Password Requests to Console Directory Watch.
[[0;32m  OK  [0m] Stopped Forward Password Requests to Wall Directory Watch.
[[0;32m  OK  [0m] Stopped target User and Group Name Lookups.
[[0;32m  OK  [0m] Stopped Load/Save Random Seed.
[[0;32m  OK  [0m] Stopped Login to default iSCSI targets.
[[0;32m  OK  [0m] Stopped Update UTMP about System Boot/Shutdown.
[[0;32m  OK  [0m] Stopped Create Volatile Files and Directories.
         Stopping iSCSI initiator daemon (iscsid)...
[[0;32m  OK  [0m] Stopped iSCSI initiator daemon (iscsid).
[[0;32m  OK  [0m] Stopped target Network is Online.
[[0;32m  OK  [0m] Stopped Initial cloud-init job (metadata service crawler).
[[0;32m  OK  [0m] Stopped target Network.
         Stopping Raise network interfaces...
[[0;32m  OK  [0m] Stopped Raise network interfaces.
[[0;32m  OK  [0m] Stopped Apply Kernel Variables.
[[0;32m  OK  [0m] Stopped target Local File Systems.
         Unmounting /run/user/1000...
         Unmounting /vagrant...
[[0;32m  OK  [0m] Stopped target Network (Pre).
[[0;32m  OK  [0m] Stopped Initial cloud-init job (pre-networking).
[[0;32m  OK  [0m] Stopped Load Kernel Modules.
[[0;32m  OK  [0m] Unmounted /run/user/1000.
[[0;32m  OK  [0m] Unmounted /vagrant.
[[0;32m  OK  [0m] Reached target Unmount All Filesystems.
[[0;32m  OK  [0m] Stopped target Local File Systems (Pre).
         Stopping Monitoring of LVM2 mirrors... dmeventd or progress polling...
[[0;32m  OK  [0m] Stopped Create Static Device Nodes in /dev.
[[0;32m  OK  [0m] Stopped Remount Root and Kernel File Systems.
[[0;32m  OK  [0m] Reached target Shutdown.
[  116.251648] reboot: Power down
